[2026-02-20T16:43:25.188] --- ESC/POS 解碼器啟動 ---
[2026-02-20T16:43:25.189] Log 檔案: logs/escpos_20260220_164325.log
[2026-02-20T16:44:58.056] PKT  收到 36 bytes: 1b 40 1b 33 5f 0a 1b 33 78 1b 61 01 1d 21 11 cd e2 8e a7 d7 d4 c8 a1 0a 1b 33 50 1d 21 10 c8 a1 b2 cd be 8e
[2026-02-20T16:44:58.057] CMD  ESC @        初始化印表機               | 1b 40
[2026-02-20T16:44:58.059] CMD  ESC 3        設定行距                    n=95 點 | 1b 33 5f
[2026-02-20T16:44:58.061] CMD  LF           列印並換行                | 0a
[2026-02-20T16:44:58.062] CMD  ESC 3        設定行距                    n=120 點 | 1b 33 78
[2026-02-20T16:44:58.063] CMD  ESC a        選擇對齊方式                  n=1 (置中) | 1b 61 01
[2026-02-20T16:44:58.064] CMD  GS !         選擇字元大小                  n=0x11 (寬2倍, 高2倍) | 1d 21 11
[2026-02-20T16:44:58.073] CMD  TEXT                              "外帶自取"                         | cd e2 8e a7 d7 d4 c8 a1
[2026-02-20T16:44:58.074] CMD  LF           列印並換行                | 0a
[2026-02-20T16:44:58.075] CMD  ESC 3        設定行距                    n=80 點 | 1b 33 50
[2026-02-20T16:44:58.077] CMD  GS !         選擇字元大小                  n=0x10 (寬2倍, 高1倍) | 1d 21 10
[2026-02-20T16:44:58.078] CMD  TEXT                              "取餐編"                          | c8 a1 b2 cd be 8e
[2026-02-20T16:44:58.080] PKT  收到 36 bytes: cc 96 0a 1b 33 78 1d 21 32 31 30 0a 1b 33 50 1d 21 10 cf c2 86 ce 95 72 e9 67 a3 ba 30 32 2d 32 30 20 31 36
[2026-02-20T16:44:58.082] CMD  TEXT                              "號"                            | cc 96
[2026-02-20T16:44:58.084] CMD  LF           列印並換行                | 0a
[2026-02-20T16:44:58.085] CMD  ESC 3        設定行距                    n=120 點 | 1b 33 78
[2026-02-20T16:44:58.087] CMD  GS !         選擇字元大小                  n=0x32 (寬4倍, 高3倍) | 1d 21 32
[2026-02-20T16:44:58.087] CMD  TEXT                              "10"                           | 31 30
[2026-02-20T16:44:58.088] CMD  LF           列印並換行                | 0a
[2026-02-20T16:44:58.089] CMD  ESC 3        設定行距                    n=80 點 | 1b 33 50
[2026-02-20T16:44:58.089] CMD  GS !         選擇字元大小                  n=0x10 (寬2倍, 高1倍) | 1d 21 10
[2026-02-20T16:44:58.090] CMD  TEXT                              "下單時間：02-20 16"                | cf c2 86 ce 95 72 e9 67 a3 ba 30 32 2d 32 30 20 31 36
[2026-02-20T16:44:58.094] PKT  收到 36 bytes: 3a 34 34 0a 1b 61 00 2d 2d 2d 2d 2d 2d 2d 2d 2d 2d 2d 2d 2d 2d 2d 2d 2d 2d 2d 2d 2d 2d 2d 2d 0a 1b 33 64 1d
[2026-02-20T16:44:58.097] CMD  TEXT                              ":44"                          | 3a 34 34
[2026-02-20T16:44:58.098] CMD  LF           列印並換行                | 0a
[2026-02-20T16:44:58.100] CMD  ESC a        選擇對齊方式                  n=0 (靠左) | 1b 61 00
[2026-02-20T16:44:58.103] CMD  TEXT                              "------------------------"     | 2d 2d 2d 2d 2d 2d 2d 2d 2d 2d 2d 2d 2d 2d 2d 2d 2d 2d 2d 2d 2d 2d 2d 2d
[2026-02-20T16:44:58.105] CMD  LF           列印並換行                | 0a
[2026-02-20T16:44:58.106] CMD  ESC 3        設定行距                    n=100 點 | 1b 33 64
[2026-02-20T16:44:58.107] PKT  收到 36 bytes: 21 11 d5 a8 eb 75 cd c8 ef 88 20 20 20 20 20 20 20 20 20 20 20 20 20 2a 20 31 0a 1b 33 41 1d 21 10 2d 2d 2d
[2026-02-20T16:44:58.107] CMD  GS !         選擇字元大小                  n=0x11 (寬2倍, 高2倍) | 1d 21 11
[2026-02-20T16:44:58.108] CMD  TEXT                              "炸雞腿飯             * 1"         | d5 a8 eb 75 cd c8 ef 88 20 20 20 20 20 20 20 20 20 20 20 20 20 2a 20 31
[2026-02-20T16:44:58.108] CMD  LF           列印並換行                | 0a
[2026-02-20T16:44:58.109] CMD  ESC 3        設定行距                    n=65 點 | 1b 33 41
[2026-02-20T16:44:58.109] CMD  GS !         選擇字元大小                  n=0x10 (寬2倍, 高1倍) | 1d 21 10
[2026-02-20T16:44:58.110] CMD  TEXT                              "---"                          | 2d 2d 2d
[2026-02-20T16:44:58.112] PKT  收到 36 bytes: 2d 2d 2d 2d 2d 2d 2d 2d 2d 2d 2d 2d 2d 2d 2d 2d 2d 2d 2d 2d 2d 0a 1b 33 64 1d 21 11 bf 82 94 b5 c1 bf 20 20
[2026-02-20T16:44:58.113] CMD  TEXT                              "---------------------"        | 2d 2d 2d 2d 2d 2d 2d 2d 2d 2d 2d 2d 2d 2d 2d 2d 2d 2d 2d 2d 2d
[2026-02-20T16:44:58.115] CMD  LF           列印並換行                | 0a
[2026-02-20T16:44:58.116] CMD  ESC 3        設定行距                    n=100 點 | 1b 33 64
[2026-02-20T16:44:58.118] CMD  GS !         選擇字元大小                  n=0x11 (寬2倍, 高2倍) | 1d 21 11
[2026-02-20T16:44:58.119] CMD  TEXT                              "總數量  "                        | bf 82 94 b5 c1 bf 20 20
[2026-02-20T16:44:58.121] PKT  收到 36 bytes: 20 20 20 20 20 20 20 20 20 20 20 20 20 20 20 31 0a 1b 33 41 1d 21 10 2d 2d 2d 2d 2d 2d 2d 2d 2d 2d 2d 2d 2d
[2026-02-20T16:44:58.123] CMD  TEXT                              "               1"             | 20 20 20 20 20 20 20 20 20 20 20 20 20 20 20 31
[2026-02-20T16:44:58.124] CMD  LF           列印並換行                | 0a
[2026-02-20T16:44:58.124] CMD  ESC 3        設定行距                    n=65 點 | 1b 33 41
[2026-02-20T16:44:58.125] CMD  GS !         選擇字元大小                  n=0x10 (寬2倍, 高1倍) | 1d 21 10
[2026-02-20T16:44:58.126] CMD  TEXT                              "-------------"                | 2d 2d 2d 2d 2d 2d 2d 2d 2d 2d 2d 2d 2d
[2026-02-20T16:44:58.127] PKT  收到 36 bytes: 2d 2d 2d 2d 2d 2d 2d 2d 2d 2d 2d 0a 1d 21 11 bf 82 ee 7e 20 20 20 20 20 20 20 20 20 20 20 20 20 20 20 20 20
[2026-02-20T16:44:58.128] CMD  TEXT                              "-----------"                  | 2d 2d 2d 2d 2d 2d 2d 2d 2d 2d 2d
[2026-02-20T16:44:58.128] CMD  LF           列印並換行                | 0a
[2026-02-20T16:44:58.130] CMD  GS !         選擇字元大小                  n=0x11 (寬2倍, 高2倍) | 1d 21 11
[2026-02-20T16:44:58.131] CMD  TEXT                              "總額                 "          | bf 82 ee 7e 20 20 20 20 20 20 20 20 20 20 20 20 20 20 20 20 20
[2026-02-20T16:44:58.134] PKT  收到 36 bytes: 31 33 30 0a 1b 33 64 1d 21 11 a1 be ce b4 b8 b6 bf ee a1 bf 1d 21 09 0a 1b 33 41 1d 21 10 0a b5 ea bc d2 c2
[2026-02-20T16:44:58.136] CMD  TEXT                              "130"                          | 31 33 30
[2026-02-20T16:44:58.138] CMD  LF           列印並換行                | 0a
[2026-02-20T16:44:58.139] CMD  ESC 3        設定行距                    n=100 點 | 1b 33 64
[2026-02-20T16:44:58.141] CMD  GS !         選擇字元大小                  n=0x11 (寬2倍, 高2倍) | 1d 21 11
[2026-02-20T16:44:58.142] CMD  TEXT                              "【未付款】"                        | a1 be ce b4 b8 b6 bf ee a1 bf
[2026-02-20T16:44:58.142] CMD  GS !         選擇字元大小                  n=0x09 (寬1倍, 高10倍) | 1d 21 09
[2026-02-20T16:44:58.142] CMD  LF           列印並換行                | 0a
[2026-02-20T16:44:58.143] CMD  ESC 3        設定行距                    n=65 點 | 1b 33 41
[2026-02-20T16:44:58.143] CMD  GS !         選擇字元大小                  n=0x10 (寬2倍, 高1倍) | 1d 21 10
[2026-02-20T16:44:58.143] CMD  LF           列印並換行                | 0a
[2026-02-20T16:44:58.144] CMD  TEXT                              "µê¼ÒÂ"                        | b5 ea bc d2 c2
[2026-02-20T16:44:58.145] PKT  收到 9 bytes: 93 0a 0a 0a 0a 0a 0a 1b 69
[2026-02-20T16:44:58.146] CMD  TEXT                              ""                            | 93
[2026-02-20T16:44:58.147] CMD  LF           列印並換行                | 0a
[2026-02-20T16:44:58.149] CMD  LF           列印並換行                | 0a
[2026-02-20T16:44:58.151] CMD  LF           列印並換行                | 0a
[2026-02-20T16:44:58.151] CMD  LF           列印並換行                | 0a
[2026-02-20T16:44:58.152] CMD  LF           列印並換行                | 0a
[2026-02-20T16:44:58.153] CMD  LF           列印並換行                | 0a
[2026-02-20T16:44:58.153] CMD  ESC i        全切紙                  | 1b 69
[2026-02-20T16:44:58.154] PKT  收到 36 bytes: 1b 40 1b 33 5f 0a 1b 33 78 1b 61 01 1d 21 11 cd e2 8e a7 d7 d4 c8 a1 0a 1b 33 50 1d 21 10 c8 a1 b2 cd be 8e
[2026-02-20T16:44:58.155] CMD  ESC @        初始化印表機               | 1b 40
[2026-02-20T16:44:58.155] CMD  ESC 3        設定行距                    n=95 點 | 1b 33 5f
[2026-02-20T16:44:58.156] CMD  LF           列印並換行                | 0a
[2026-02-20T16:44:58.156] CMD  ESC 3        設定行距                    n=120 點 | 1b 33 78
[2026-02-20T16:44:58.157] CMD  ESC a        選擇對齊方式                  n=1 (置中) | 1b 61 01
[2026-02-20T16:44:58.158] CMD  GS !         選擇字元大小                  n=0x11 (寬2倍, 高2倍) | 1d 21 11
[2026-02-20T16:44:58.159] CMD  TEXT                              "外帶自取"                         | cd e2 8e a7 d7 d4 c8 a1
[2026-02-20T16:44:58.160] CMD  LF           列印並換行                | 0a
[2026-02-20T16:44:58.160] CMD  ESC 3        設定行距                    n=80 點 | 1b 33 50
[2026-02-20T16:44:58.161] CMD  GS !         選擇字元大小                  n=0x10 (寬2倍, 高1倍) | 1d 21 10
[2026-02-20T16:44:58.161] CMD  TEXT                              "取餐編"                          | c8 a1 b2 cd be 8e
[2026-02-20T16:44:58.163] PKT  收到 36 bytes: cc 96 0a 1b 33 78 1d 21 32 31 30 0a 1b 33 50 1d 21 10 cf c2 86 ce 95 72 e9 67 a3 ba 30 32 2d 32 30 20 31 36
[2026-02-20T16:44:58.163] CMD  TEXT                              "號"                            | cc 96
[2026-02-20T16:44:58.165] CMD  LF           列印並換行                | 0a
[2026-02-20T16:44:58.168] CMD  ESC 3        設定行距                    n=120 點 | 1b 33 78
[2026-02-20T16:44:58.170] CMD  GS !         選擇字元大小                  n=0x32 (寬4倍, 高3倍) | 1d 21 32
[2026-02-20T16:44:58.171] CMD  TEXT                              "10"                           | 31 30
[2026-02-20T16:44:58.175] CMD  LF           列印並換行                | 0a
[2026-02-20T16:44:58.176] CMD  ESC 3        設定行距                    n=80 點 | 1b 33 50
[2026-02-20T16:44:58.177] CMD  GS !         選擇字元大小                  n=0x10 (寬2倍, 高1倍) | 1d 21 10
[2026-02-20T16:44:58.177] CMD  TEXT                              "下單時間：02-20 16"                | cf c2 86 ce 95 72 e9 67 a3 ba 30 32 2d 32 30 20 31 36
[2026-02-20T16:44:58.178] PKT  收到 36 bytes: 3a 34 34 0a 1b 61 00 2d 2d 2d 2d 2d 2d 2d 2d 2d 2d 2d 2d 2d 2d 2d 2d 2d 2d 2d 2d 2d 2d 2d 2d 0a c6 b7 ed 97
[2026-02-20T16:44:58.179] CMD  TEXT                              ":44"                          | 3a 34 34
[2026-02-20T16:44:58.180] CMD  LF           列印並換行                | 0a
[2026-02-20T16:44:58.181] CMD  ESC a        選擇對齊方式                  n=0 (靠左) | 1b 61 00
[2026-02-20T16:44:58.182] CMD  TEXT                              "------------------------"     | 2d 2d 2d 2d 2d 2d 2d 2d 2d 2d 2d 2d 2d 2d 2d 2d 2d 2d 2d 2d 2d 2d 2d 2d
[2026-02-20T16:44:58.184] CMD  LF           列印並換行                | 0a
[2026-02-20T16:44:58.185] CMD  TEXT                              "品項"                           | c6 b7 ed 97
[2026-02-20T16:44:58.188] PKT  收到 36 bytes: 20 20 20 20 20 20 20 20 20 94 b5 c1 bf 20 20 20 d0 a1 d3 8b 0a 1b 61 00 2d 2d 2d 2d 2d 2d 2d 2d 2d 2d 2d 2d
[2026-02-20T16:44:58.190] CMD  TEXT                              "         數量   小計"             | 20 20 20 20 20 20 20 20 20 94 b5 c1 bf 20 20 20 d0 a1 d3 8b
[2026-02-20T16:44:58.191] CMD  LF           列印並換行                | 0a
[2026-02-20T16:44:58.192] CMD  ESC a        選擇對齊方式                  n=0 (靠左) | 1b 61 00
[2026-02-20T16:44:58.193] CMD  TEXT                              "------------"                 | 2d 2d 2d 2d 2d 2d 2d 2d 2d 2d 2d 2d
[2026-02-20T16:44:58.194] PKT  收到 36 bytes: 2d 2d 2d 2d 2d 2d 2d 2d 2d 2d 2d 2d 0a 1b 33 64 1d 21 11 d5 a8 eb 75 cd c8 ef 88 20 20 20 20 20 20 20 31 20
[2026-02-20T16:44:58.195] CMD  TEXT                              "------------"                 | 2d 2d 2d 2d 2d 2d 2d 2d 2d 2d 2d 2d
[2026-02-20T16:44:58.196] CMD  LF           列印並換行                | 0a
[2026-02-20T16:44:58.196] CMD  ESC 3        設定行距                    n=100 點 | 1b 33 64
[2026-02-20T16:44:58.197] CMD  GS !         選擇字元大小                  n=0x11 (寬2倍, 高2倍) | 1d 21 11
[2026-02-20T16:44:58.198] CMD  TEXT                              "炸雞腿飯       1 "                | d5 a8 eb 75 cd c8 ef 88 20 20 20 20 20 20 20 31 20
[2026-02-20T16:44:58.199] PKT  收到 36 bytes: 20 20 20 20 31 33 30 0a 1d 21 10 2d 2d 2d 2d 2d 2d 2d 2d 2d 2d 2d 2d 2d 2d 2d 2d 2d 2d 2d 2d 2d 2d 2d 2d 0a
[2026-02-20T16:44:58.200] CMD  TEXT                              "    130"                      | 20 20 20 20 31 33 30
[2026-02-20T16:44:58.200] CMD  LF           列印並換行                | 0a
[2026-02-20T16:44:58.201] CMD  GS !         選擇字元大小                  n=0x10 (寬2倍, 高1倍) | 1d 21 10
[2026-02-20T16:44:58.202] CMD  TEXT                              "------------------------"     | 2d 2d 2d 2d 2d 2d 2d 2d 2d 2d 2d 2d 2d 2d 2d 2d 2d 2d 2d 2d 2d 2d 2d 2d
[2026-02-20T16:44:58.202] CMD  LF           列印並換行                | 0a
[2026-02-20T16:44:58.204] PKT  收到 36 bytes: 1b 33 46 1d 21 11 bf 82 d3 8b 28 b9 b2 31 bc fe 29 20 20 20 20 20 20 20 20 20 20 31 33 30 0a 0a 1b 33 64 1d
[2026-02-20T16:44:58.205] CMD  ESC 3        設定行距                    n=70 點 | 1b 33 46
[2026-02-20T16:44:58.206] CMD  GS !         選擇字元大小                  n=0x11 (寬2倍, 高2倍) | 1d 21 11
[2026-02-20T16:44:58.207] CMD  TEXT                              "總計(共1件)          130"         | bf 82 d3 8b 28 b9 b2 31 bc fe 29 20 20 20 20 20 20 20 20 20 20 31 33 30
[2026-02-20T16:44:58.208] CMD  LF           列印並換行                | 0a
[2026-02-20T16:44:58.208] CMD  LF           列印並換行                | 0a
[2026-02-20T16:44:58.209] CMD  ESC 3        設定行距                    n=100 點 | 1b 33 64
[2026-02-20T16:44:58.210] PKT  收到 36 bytes: 21 11 a1 be ce b4 b8 b6 bf ee a1 bf 1d 21 09 0a 1b 33 41 1d 21 10 0a d0 a1 c4 cf b1 e3 ae 94 2d d6 f1 b1 b1
[2026-02-20T16:44:58.210] CMD  GS !         選擇字元大小                  n=0x11 (寬2倍, 高2倍) | 1d 21 11
[2026-02-20T16:44:58.210] CMD  TEXT                              "【未付款】"                        | a1 be ce b4 b8 b6 bf ee a1 bf
[2026-02-20T16:44:58.212] CMD  GS !         選擇字元大小                  n=0x09 (寬1倍, 高10倍) | 1d 21 09
[2026-02-20T16:44:58.213] CMD  LF           列印並換行                | 0a
[2026-02-20T16:44:58.214] CMD  ESC 3        設定行距                    n=65 點 | 1b 33 41
[2026-02-20T16:44:58.215] CMD  GS !         選擇字元大小                  n=0x10 (寬2倍, 高1倍) | 1d 21 10
[2026-02-20T16:44:58.216] CMD  LF           列印並換行                | 0a
[2026-02-20T16:44:58.218] CMD  TEXT                              "小南便當-竹北"                      | d0 a1 c4 cf b1 e3 ae 94 2d d6 f1 b1 b1
[2026-02-20T16:44:58.219] PKT  收到 17 bytes: b5 ea 0a bf cd 91 f4 c2 93 0a 0a 0a 0a 0a 0a 1b 69
[2026-02-20T16:44:58.219] CMD  TEXT                              "店"                            | b5 ea
[2026-02-20T16:44:58.220] CMD  LF           列印並換行                | 0a
[2026-02-20T16:44:58.220] CMD  TEXT                              "客戶聯"                          | bf cd 91 f4 c2 93
[2026-02-20T16:44:58.221] CMD  LF           列印並換行                | 0a
[2026-02-20T16:44:58.221] CMD  LF           列印並換行                | 0a
[2026-02-20T16:44:58.221] CMD  LF           列印並換行                | 0a
[2026-02-20T16:44:58.221] CMD  LF           列印並換行                | 0a
[2026-02-20T16:44:58.222] CMD  LF           列印並換行                | 0a
[2026-02-20T16:44:58.222] CMD  LF           列印並換行                | 0a
[2026-02-20T16:44:58.222] CMD  ESC i        全切紙                  | 1b 69